{"numFailedTestSuites":1,"numFailedTests":3,"numPassedTestSuites":3,"numPassedTests":15,"numPendingTestSuites":0,"numPendingTests":0,"numRuntimeErrorTestSuites":0,"numTodoTests":0,"numTotalTestSuites":4,"numTotalTests":18,"openHandles":[],"snapshot":{"added":0,"didUpdate":false,"failure":false,"filesAdded":0,"filesRemoved":0,"filesRemovedList":[],"filesUnmatched":0,"filesUpdated":0,"matched":0,"total":0,"unchecked":0,"uncheckedKeysByFile":[],"unmatched":0,"updated":0},"startTime":1780719257885,"success":false,"testResults":[{"assertionResults":[{"ancestorTitles":["parseTripDataFromSearchParams flightDate alias"],"duration":10,"failing":false,"failureDetails":[],"failureMessages":[],"fullName":"parseTripDataFromSearchParams flightDate alias uses flightDate when departureDate is absent","invocations":1,"location":null,"numPassingAsserts":2,"retryReasons":[],"startAt":1780719260598,"status":"passed","title":"uses flightDate when departureDate is absent"},{"ancestorTitles":["parseTripDataFromSearchParams flightDate alias"],"duration":2,"failing":false,"failureDetails":[],"failureMessages":[],"fullName":"parseTripDataFromSearchParams flightDate alias prefers departureDate over flightDate when both are present","invocations":1,"location":null,"numPassingAsserts":2,"retryReasons":[],"startAt":1780719260610,"status":"passed","title":"prefers departureDate over flightDate when both are present"}],"endTime":1780719260614,"message":"","name":"/home/pathocha000/personal/PodPaiGo/PodPaiGo/lib/trip/__tests__/searchParamsFlightDate.test.ts","startTime":1780719259064,"status":"passed","summary":""},{"assertionResults":[{"ancestorTitles":["DateTextInput"],"duration":109,"failing":false,"failureDetails":[],"failureMessages":[],"fullName":"DateTextInput preserves a partially typed year instead of clearing the field","invocations":1,"location":null,"numPassingAsserts":2,"retryReasons":[],"startAt":1780719262023,"status":"passed","title":"preserves a partially typed year instead of clearing the field"},{"ancestorTitles":["DateTextInput"],"duration":18,"failing":false,"failureDetails":[],"failureMessages":[],"fullName":"DateTextInput preserves partial ISO typing without normalizing early","invocations":1,"location":null,"numPassingAsserts":2,"retryReasons":[],"startAt":1780719262133,"status":"passed","title":"preserves partial ISO typing without normalizing early"},{"ancestorTitles":["DateTextInput"],"duration":22,"failing":false,"failureDetails":[],"failureMessages":[],"fullName":"DateTextInput normalizes MM/DD/YYYY input on blur","invocations":1,"location":null,"numPassingAsserts":2,"retryReasons":[],"startAt":1780719262152,"status":"passed","title":"normalizes MM/DD/YYYY input on blur"},{"ancestorTitles":["DateTextInput"],"duration":17,"failing":false,"failureDetails":[],"failureMessages":[],"fullName":"DateTextInput accepts YYYY-MM-DD input on blur","invocations":1,"location":null,"numPassingAsserts":1,"retryReasons":[],"startAt":1780719262174,"status":"passed","title":"accepts YYYY-MM-DD input on blur"},{"ancestorTitles":["DateTextInput"],"duration":14,"failing":false,"failureDetails":[],"failureMessages":[],"fullName":"DateTextInput calendar selection updates the normalized value","invocations":1,"location":null,"numPassingAsserts":2,"retryReasons":[],"startAt":1780719262192,"status":"passed","title":"calendar selection updates the normalized value"},{"ancestorTitles":["DateTextInput"],"duration":101,"failing":false,"failureDetails":[],"failureMessages":[],"fullName":"DateTextInput clicking the calendar icon opens the native date picker","invocations":1,"location":null,"numPassingAsserts":2,"retryReasons":[],"startAt":1780719262206,"status":"passed","title":"clicking the calendar icon opens the native date picker"},{"ancestorTitles":["DateTextInput"],"duration":19,"failing":false,"failureDetails":[],"failureMessages":[],"fullName":"DateTextInput calendar icon falls back to clicking the native date input","invocations":1,"location":null,"numPassingAsserts":1,"retryReasons":[],"startAt":1780719262308,"status":"passed","title":"calendar icon falls back to clicking the native date input"},{"ancestorTitles":["DateTextInput"],"duration":36,"failing":false,"failureDetails":[],"failureMessages":[],"fullName":"DateTextInput invalid date shows an error without erasing the typed value","invocations":1,"location":null,"numPassingAsserts":2,"retryReasons":[],"startAt":1780719262327,"status":"passed","title":"invalid date shows an error without erasing the typed value"}],"endTime":1780719262367,"message":"","name":"/home/pathocha000/personal/PodPaiGo/PodPaiGo/app/trip/__tests__/DateTextInput.test.tsx","startTime":1780719259834,"status":"passed","summary":""},{"assertionResults":[{"ancestorTitles":["TripFlow general parking window"],"duration":496,"failing":false,"failureDetails":[],"failureMessages":[],"fullName":"TripFlow general parking window submits arrival time plus duration as derived check-in/out search params","invocations":1,"location":null,"numPassingAsserts":8,"retryReasons":[],"startAt":1780719262026,"status":"passed","title":"submits arrival time plus duration as derived check-in/out search params"},{"ancestorTitles":["TripFlow general parking window"],"duration":188,"failing":false,"failureDetails":[],"failureMessages":[],"fullName":"TripFlow general parking window submits manually typed MM/DD/YYYY trip date as normalized search params","invocations":1,"location":null,"numPassingAsserts":5,"retryReasons":[],"startAt":1780719262523,"status":"passed","title":"submits manually typed MM/DD/YYYY trip date as normalized search params"}],"endTime":1780719262713,"message":"","name":"/home/pathocha000/personal/PodPaiGo/PodPaiGo/app/trip/__tests__/TripFlowParkingWindow.test.tsx","startTime":1780719259869,"status":"passed","summary":""},{"assertionResults":[{"ancestorTitles":["resolveAirportTripDate"],"duration":12,"failing":false,"failureDetails":[],"failureMessages":[],"fullName":"resolveAirportTripDate prefers parking check-in date over legacy trip date","invocations":1,"location":null,"numPassingAsserts":1,"retryReasons":[],"startAt":1780719262038,"status":"passed","title":"prefers parking check-in date over legacy trip date"},{"ancestorTitles":["resolveAirportTripDate"],"duration":2,"failing":false,"failureDetails":[],"failureMessages":[],"fullName":"resolveAirportTripDate falls back to legacy trip date when parking check-in is blank","invocations":1,"location":null,"numPassingAsserts":1,"retryReasons":[],"startAt":1780719262051,"status":"passed","title":"falls back to legacy trip date when parking check-in is blank"},{"ancestorTitles":["TripFlow airport parking date UX"],"duration":323,"failing":false,"failureDetails":[{"matcherResult":{"pass":true,"message":"expect(element).not.toBeInTheDocument()\n\nexpected document not to contain element, found <label class=\"block text-sm font-medium text-foreground\">Flight / airport date</label> instead"}}],"failureMessages":["Error: expect(element).not.toBeInTheDocument()\n\nexpected document not to contain element, found <label class=\"block text-sm font-medium text-foreground\">Flight / airport date</label> instead\n    at Object.<anonymous> (/home/pathocha000/personal/PodPaiGo/PodPaiGo/app/trip/__tests__/TripFlowAirportDate.test.tsx:97:61)\n    at processTicksAndRejections (node:internal/process/task_queues:95:5)"],"fullName":"TripFlow airport parking date UX hides the separate flight/airport date field for airport trips","invocations":1,"location":null,"numPassingAsserts":0,"retryReasons":[],"startAt":1780719262054,"status":"failed","title":"hides the separate flight/airport date field for airport trips"},{"ancestorTitles":["TripFlow airport parking date UX"],"duration":177,"failing":false,"failureDetails":[{"name":"TestingLibraryElementError"}],"failureMessages":["TestingLibraryElementError: Found a label with the text of: Departure time, however no form control was found associated to that label. Make sure you're using the \"for\" attribute or \"aria-labelledby\" attribute correctly.\n\nIgnored nodes: comments, script, style\n\u001b[36m<body>\u001b[39m\n  \u001b[36m<div>\u001b[39m\n    \u001b[36m<div\u001b[39m\n      \u001b[33mclass\u001b[39m=\u001b[32m\"airport-page-bg flex flex-1 flex-col font-sans\"\u001b[39m\n    \u001b[36m>\u001b[39m\n      \u001b[36m<main\u001b[39m\n        \u001b[33mclass\u001b[39m=\u001b[32m\"mx-auto w-full max-w-3xl flex-1 px-3 py-8 sm:px-4 sm:py-10\"\u001b[39m\n      \u001b[36m>\u001b[39m\n        \u001b[36m<div\u001b[39m\n          \u001b[33mclass\u001b[39m=\u001b[32m\"mb-8\"\u001b[39m\n        \u001b[36m>\u001b[39m\n          \u001b[36m<div\u001b[39m\n            \u001b[33mclass\u001b[39m=\u001b[32m\"mb-3 inline-flex rounded-full border border-primary/25 bg-card/90 px-3 py-1 text-xs font-semibold uppercase text-primary shadow-sm\"\u001b[39m\n          \u001b[36m>\u001b[39m\n            \u001b[0mTrip decision helper\u001b[0m\n          \u001b[36m</div>\u001b[39m\n          \u001b[36m<h1\u001b[39m\n            \u001b[33mclass\u001b[39m=\u001b[32m\"text-3xl font-semibold text-foreground sm:text-4xl\"\u001b[39m\n          \u001b[36m>\u001b[39m\n            \u001b[0mCompare the best way to get there\u001b[0m\n          \u001b[36m</h1>\u001b[39m\n          \u001b[36m<p\u001b[39m\n            \u001b[33mclass\u001b[39m=\u001b[32m\"mt-3 max-w-2xl text-sm leading-6 text-muted-foreground sm:text-base\"\u001b[39m\n          \u001b[36m>\u001b[39m\n            \u001b[0mEnter where you’re starting and where you’re going. PodPaiGo compares driving, parking, rideshare, transit, and park & ride when available.\u001b[0m\n          \u001b[36m</p>\u001b[39m\n        \u001b[36m</div>\u001b[39m\n        \u001b[36m<div\u001b[39m\n          \u001b[33mclass\u001b[39m=\u001b[32m\"travel-card rounded-2xl p-4 border-dashed bg-card/80 mb-6\"\u001b[39m\n        \u001b[36m>\u001b[39m\n          \u001b[36m<h2\u001b[39m\n            \u001b[33mclass\u001b[39m=\u001b[32m\"text-base font-semibold text-foreground\"\u001b[39m\n          \u001b[36m>\u001b[39m\n            \u001b[0mSaved trips\u001b[0m\n          \u001b[36m</h2>\u001b[39m\n          \u001b[36m<p\u001b[39m\n            \u001b[33mclass\u001b[39m=\u001b[32m\"mt-2 text-sm leading-6 text-muted-foreground\"\u001b[39m\n          \u001b[36m>\u001b[39m\n            \u001b[0mNo saved trips yet. Use \u001b[0m\n            \u001b[36m<span\u001b[39m\n              \u001b[33mclass\u001b[39m=\u001b[32m\"font-medium text-foreground\"\u001b[39m\n            \u001b[36m>\u001b[39m\n              \u001b[0mSave trip\u001b[0m\n            \u001b[36m</span>\u001b[39m\n            \u001b[0m on the results page or \u001b[0m\n            \u001b[36m<span\u001b[39m\n              \u001b[33mclass\u001b[39m=\u001b[32m\"font-medium text-foreground\"\u001b[39m\n            \u001b[36m>\u001b[39m\n              \u001b[0mSave as favorite\u001b[0m\n            \u001b[36m</span>\u001b[39m\n            \u001b[0m \u001b[0m\n            \u001b[0mwhile planning to store a route on this device.\u001b[0m\n          \u001b[36m</p>\u001b[39m\n        \u001b[36m</div>\u001b[39m\n        \u001b[36m<form\u001b[39m\n          \u001b[33mclass\u001b[39m=\u001b[32m\"space-y-6\"\u001b[39m\n        \u001b[36m>\u001b[39m\n          \u001b[36m<div\u001b[39m\n            \u001b[33mclass\u001b[39m=\u001b[32m\"rounded-3xl border border-border bg-card/95 p-4 shadow-sm sm:p-6\"\u001b[39m\n          \u001b[36m>\u001b[39m\n            \u001b[36m<div\u001b[39m\n              \u001b[33mclass\u001b[39m=\u001b[32m\"flex flex-col gap-3 sm:flex-row sm:items-start sm:justify-between\"\u001b[39m\n            \u001b[36m>\u001b[39m\n              \u001b[36m<div>\u001b[39m\n                \u001b[36m<div\u001b[39m\n                  \u001b[33mclass\u001b[39m=\u001b[32m\"ppg-form-eyebrow\"\u001b[39m\n                \u001b[36m>\u001b[39m\n                  \u001b[0mTrip setup\u001b[0m\n                \u001b[36m</div>\u001b[39m\n                \u001b[36m<h2\u001b[39m\n                  \u001b[33mclass\u001b[39m=\u001b[32m\"mt-1 text-xl font-semibold text-foreground\"\u001b[39m\n                \u001b[36m>\u001b[39m\n                  \u001b[0mFlying out\u001b[0m\n                \u001b[36m</h2>\u001b[39m\n                \u001b[36m<p\u001b[39m\n                  \u001b[33mclass\u001b[39m=\u001b[32m\"mt-1 text-sm text-muted-foreground\"\u001b[39m\n                \u001b[36m>\u001b[39m\n                  \u001b[0mUse your scheduled airline departure time.\u001b[0m\n                \u001b[36m</p>\u001b[39m\n              \u001b[36m</div>\u001b[39m\n            \u001b[36m</div>\u001b[39m\n            \u001b[36m<div\u001b[39m\n              \u001b[33mclass\u001b[39m=\u001b[32m\"mt-6 grid grid-cols-1 gap-5 md:grid-cols-2\"\u001b[39m\n            \u001b[36m>\u001b[39m\n              \u001b[36m<div\u001b[39m\n                \u001b[33mclass\u001b[39m=\u001b[32m\"md:col-span-2\"\u001b[39m\n              \u001b[36m>\u001b[39m\n                \u001b[36m<div\u001b[39m\n                  \u001b[33mclass\u001b[39m=\u001b[32m\"md:col-span-2\"\u001b[39m\n                \u001b[36m>\u001b[39m\n                  \u001b[36m<div>\u001b[39m\n                    \u001b[36m<label\u001b[39m\n                      \u001b[33mclass\u001b[39m=\u001b[32m\"block text-sm font-medium text-zinc-800\"\u001b[39m\n                    \u001b[36m>\u001b[39m\n                      \u001b[0mAirport\u001b[0m\n                    \u001b[36m</label>\u001b[39m\n                    \u001b[36m<input\u001b[39m\n                      \u001b[33mautocomplete\u001b[39m=\u001b[32m\"off\"\u001b[39m\n                      \u001b[33mclass\u001b[39m=\u001b[32m\"mt-2 w-full rounded-2xl border border-slate-200 bg-white px-4 py-3 text-base shadow-sm outline-none transition focus:border-blue-500 focus:ring-4 focus:ring-blue-100\"\u001b[39m\n                      \u001b[33mplaceholder\u001b[39m=\u001b[32m\"Search by airport code, city, or airport name\"\u001b[39m\n                      \u001b[33mspellcheck\u001b[39m=\u001b[32m\"false\"\u001b[39m\n                      \u001b[33mtype\u001b[39m=\u001b[32m\"text\"\u001b[39m\n                      \u001b[33mvalue\u001b[39m=\u001b[32m\"SEA\"\u001b[39m\n                    \u001b[36m/>\u001b[39m\n                    \u001b[36m<p\u001b[39m\n                      \u001b[33mclass\u001b[39m=\u001b[32m\"mt-1 text-xs text-zinc-500\"\u001b[39m\n                    \u001b[36m>\u001b[39m\n                      \u001b[0mSearch by airport code, city, or airport name. Popular U.S. airports appear when the field is empty.\u001b[0m\n                    \u001b[36m</p>\u001b[39m\n                  \u001b[36m</div>\u001b[39m\n                  \u001b[36m<div\u001b[39m\n                    \u001b[33mclass\u001b[39m=\u001b[32m\"ppg-callout-panel mt-3 rounded-2xl px-3 py-3 text-xs leading-5\"\u001b[39m\n                  \u001b[36m>\u001b[39m\n                    \u001b[36m<div\u001b[39m\n                      \u001b[33mclass\u001b[39m=\u001b[32m\"font-medium text-foreground\"\u001b[39m\n                    \u001b[36m>\u001b[39m\n                      \u001b[0mSEA\u001b[0m\n                      \u001b[0m guidance\u001b[0m\n                    \u001b[36m</div>\u001b[39m\n                    \u001b[36m<div\u001b[39m\n                      \u001b[33mclass\u001b[39m=\u001b[32m\"mt-1\"\u001b[39m\n                    \u001b[36m>\u001b[39m\n                      \u001b[0mUse airline-specific check-in guidance when available. Otherwise, use the main terminal check-in area.\u001b[0m\n                    \u001b[36m</div>\u001b[39m\n                  \u001b[36m</div>\u001b[39m\n                  \u001b[36m<div\u001b[39m\n                    \u001b[33mclass\u001b[39m=\u001b[32m\"mt-4\"\u001b[39m\n                  \u001b[36m>\u001b[39m\n                    \u001b[36m<div\u001b[39m\n                      \u001b[33mclass\u001b[39m=\u001b[32m\"\"\u001b[39m\n                    \u001b[36m>\u001b[39m\n                      \u001b[36m<label\u001b[39m\n                        \u001b[33mclass\u001b[39m=\u001b[32m\"block text-sm font-medium text-zinc-800\"\u001b[39m\n                      \u001b[36m>\u001b[39m\n                        \u001b[0mAirline or flight number (optional)\u001b[0m\n                        \u001b[36m<div\u001b[39m\n                          \u001b[33mclass\u001b[39m=\u001b[32m\"relative mt-2\"\u001b[39m\n                        \u001b[36m>\u001b[39m\n                          \u001b[36m<input\u001b[39m\n                            \u001b[33maria-autocomplete\u001b[39m=\u001b[32m\"list\"\u001b[39m\n                            \u001b[33maria-controls\u001b[39m=\u001b[32m\"_r_1_\"\u001b[39m\n                            \u001b[33maria-expanded\u001b[39m=\u001b[32m\"false\"\u001b[39m\n                            \u001b[33mclass\u001b[39m=\u001b[32m\"w-full rounded-2xl border border-zinc-200 bg-white px-4 py-3 text-base shadow-sm outline-none transition focus:border-blue-500 focus:ring-4 focus:ring-blue-100\"\u001b[39m\n                            \u001b[33mplaceholder\u001b[39m=\u001b[32m\"Alaska, Delta, AS 123\"\u001b[39m\n                            \u001b[33mrole\u001b[39m=...\n    at Object.getElementError (/home/pathocha000/personal/PodPaiGo/PodPaiGo/node_modules/@testing-library/dom/dist/config.js:37:19)\n    at getAllByLabelText (/home/pathocha000/personal/PodPaiGo/PodPaiGo/node_modules/@testing-library/dom/dist/queries/label-text.js:108:40)\n    at /home/pathocha000/personal/PodPaiGo/PodPaiGo/node_modules/@testing-library/dom/dist/query-helpers.js:52:17\n    at /home/pathocha000/personal/PodPaiGo/PodPaiGo/node_modules/@testing-library/dom/dist/query-helpers.js:95:19\n    at fillAirportTripBasics (/home/pathocha000/personal/PodPaiGo/PodPaiGo/app/trip/__tests__/TripFlowAirportDate.test.tsx:62:27)\n    at Object.<anonymous> (/home/pathocha000/personal/PodPaiGo/PodPaiGo/app/trip/__tests__/TripFlowAirportDate.test.tsx:105:11)\n    at processTicksAndRejections (node:internal/process/task_queues:95:5)"],"fullName":"TripFlow airport parking date UX submits parking check-in date as departureDate and flightDate","invocations":1,"location":null,"numPassingAsserts":0,"retryReasons":[],"startAt":1780719262387,"status":"failed","title":"submits parking check-in date as departureDate and flightDate"},{"ancestorTitles":["TripFlow airport parking date UX"],"duration":154,"failing":false,"failureDetails":[{"name":"TestingLibraryElementError"}],"failureMessages":["TestingLibraryElementError: Found a label with the text of: Departure time, however no form control was found associated to that label. Make sure you're using the \"for\" attribute or \"aria-labelledby\" attribute correctly.\n\nIgnored nodes: comments, script, style\n\u001b[36m<body>\u001b[39m\n  \u001b[36m<div>\u001b[39m\n    \u001b[36m<div\u001b[39m\n      \u001b[33mclass\u001b[39m=\u001b[32m\"airport-page-bg flex flex-1 flex-col font-sans\"\u001b[39m\n    \u001b[36m>\u001b[39m\n      \u001b[36m<main\u001b[39m\n        \u001b[33mclass\u001b[39m=\u001b[32m\"mx-auto w-full max-w-3xl flex-1 px-3 py-8 sm:px-4 sm:py-10\"\u001b[39m\n      \u001b[36m>\u001b[39m\n        \u001b[36m<div\u001b[39m\n          \u001b[33mclass\u001b[39m=\u001b[32m\"mb-8\"\u001b[39m\n        \u001b[36m>\u001b[39m\n          \u001b[36m<div\u001b[39m\n            \u001b[33mclass\u001b[39m=\u001b[32m\"mb-3 inline-flex rounded-full border border-primary/25 bg-card/90 px-3 py-1 text-xs font-semibold uppercase text-primary shadow-sm\"\u001b[39m\n          \u001b[36m>\u001b[39m\n            \u001b[0mTrip decision helper\u001b[0m\n          \u001b[36m</div>\u001b[39m\n          \u001b[36m<h1\u001b[39m\n            \u001b[33mclass\u001b[39m=\u001b[32m\"text-3xl font-semibold text-foreground sm:text-4xl\"\u001b[39m\n          \u001b[36m>\u001b[39m\n            \u001b[0mCompare the best way to get there\u001b[0m\n          \u001b[36m</h1>\u001b[39m\n          \u001b[36m<p\u001b[39m\n            \u001b[33mclass\u001b[39m=\u001b[32m\"mt-3 max-w-2xl text-sm leading-6 text-muted-foreground sm:text-base\"\u001b[39m\n          \u001b[36m>\u001b[39m\n            \u001b[0mEnter where you’re starting and where you’re going. PodPaiGo compares driving, parking, rideshare, transit, and park & ride when available.\u001b[0m\n          \u001b[36m</p>\u001b[39m\n        \u001b[36m</div>\u001b[39m\n        \u001b[36m<div\u001b[39m\n          \u001b[33mclass\u001b[39m=\u001b[32m\"travel-card rounded-2xl p-4 border-dashed bg-card/80 mb-6\"\u001b[39m\n        \u001b[36m>\u001b[39m\n          \u001b[36m<h2\u001b[39m\n            \u001b[33mclass\u001b[39m=\u001b[32m\"text-base font-semibold text-foreground\"\u001b[39m\n          \u001b[36m>\u001b[39m\n            \u001b[0mSaved trips\u001b[0m\n          \u001b[36m</h2>\u001b[39m\n          \u001b[36m<p\u001b[39m\n            \u001b[33mclass\u001b[39m=\u001b[32m\"mt-2 text-sm leading-6 text-muted-foreground\"\u001b[39m\n          \u001b[36m>\u001b[39m\n            \u001b[0mNo saved trips yet. Use \u001b[0m\n            \u001b[36m<span\u001b[39m\n              \u001b[33mclass\u001b[39m=\u001b[32m\"font-medium text-foreground\"\u001b[39m\n            \u001b[36m>\u001b[39m\n              \u001b[0mSave trip\u001b[0m\n            \u001b[36m</span>\u001b[39m\n            \u001b[0m on the results page or \u001b[0m\n            \u001b[36m<span\u001b[39m\n              \u001b[33mclass\u001b[39m=\u001b[32m\"font-medium text-foreground\"\u001b[39m\n            \u001b[36m>\u001b[39m\n              \u001b[0mSave as favorite\u001b[0m\n            \u001b[36m</span>\u001b[39m\n            \u001b[0m \u001b[0m\n            \u001b[0mwhile planning to store a route on this device.\u001b[0m\n          \u001b[36m</p>\u001b[39m\n        \u001b[36m</div>\u001b[39m\n        \u001b[36m<form\u001b[39m\n          \u001b[33mclass\u001b[39m=\u001b[32m\"space-y-6\"\u001b[39m\n        \u001b[36m>\u001b[39m\n          \u001b[36m<div\u001b[39m\n            \u001b[33mclass\u001b[39m=\u001b[32m\"rounded-3xl border border-border bg-card/95 p-4 shadow-sm sm:p-6\"\u001b[39m\n          \u001b[36m>\u001b[39m\n            \u001b[36m<div\u001b[39m\n              \u001b[33mclass\u001b[39m=\u001b[32m\"flex flex-col gap-3 sm:flex-row sm:items-start sm:justify-between\"\u001b[39m\n            \u001b[36m>\u001b[39m\n              \u001b[36m<div>\u001b[39m\n                \u001b[36m<div\u001b[39m\n                  \u001b[33mclass\u001b[39m=\u001b[32m\"ppg-form-eyebrow\"\u001b[39m\n                \u001b[36m>\u001b[39m\n                  \u001b[0mTrip setup\u001b[0m\n                \u001b[36m</div>\u001b[39m\n                \u001b[36m<h2\u001b[39m\n                  \u001b[33mclass\u001b[39m=\u001b[32m\"mt-1 text-xl font-semibold text-foreground\"\u001b[39m\n                \u001b[36m>\u001b[39m\n                  \u001b[0mFlying out\u001b[0m\n                \u001b[36m</h2>\u001b[39m\n                \u001b[36m<p\u001b[39m\n                  \u001b[33mclass\u001b[39m=\u001b[32m\"mt-1 text-sm text-muted-foreground\"\u001b[39m\n                \u001b[36m>\u001b[39m\n                  \u001b[0mUse your scheduled airline departure time.\u001b[0m\n                \u001b[36m</p>\u001b[39m\n              \u001b[36m</div>\u001b[39m\n            \u001b[36m</div>\u001b[39m\n            \u001b[36m<div\u001b[39m\n              \u001b[33mclass\u001b[39m=\u001b[32m\"mt-6 grid grid-cols-1 gap-5 md:grid-cols-2\"\u001b[39m\n            \u001b[36m>\u001b[39m\n              \u001b[36m<div\u001b[39m\n                \u001b[33mclass\u001b[39m=\u001b[32m\"md:col-span-2\"\u001b[39m\n              \u001b[36m>\u001b[39m\n                \u001b[36m<div\u001b[39m\n                  \u001b[33mclass\u001b[39m=\u001b[32m\"md:col-span-2\"\u001b[39m\n                \u001b[36m>\u001b[39m\n                  \u001b[36m<div>\u001b[39m\n                    \u001b[36m<label\u001b[39m\n                      \u001b[33mclass\u001b[39m=\u001b[32m\"block text-sm font-medium text-zinc-800\"\u001b[39m\n                    \u001b[36m>\u001b[39m\n                      \u001b[0mAirport\u001b[0m\n                    \u001b[36m</label>\u001b[39m\n                    \u001b[36m<input\u001b[39m\n                      \u001b[33mautocomplete\u001b[39m=\u001b[32m\"off\"\u001b[39m\n                      \u001b[33mclass\u001b[39m=\u001b[32m\"mt-2 w-full rounded-2xl border border-slate-200 bg-white px-4 py-3 text-base shadow-sm outline-none transition focus:border-blue-500 focus:ring-4 focus:ring-blue-100\"\u001b[39m\n                      \u001b[33mplaceholder\u001b[39m=\u001b[32m\"Search by airport code, city, or airport name\"\u001b[39m\n                      \u001b[33mspellcheck\u001b[39m=\u001b[32m\"false\"\u001b[39m\n                      \u001b[33mtype\u001b[39m=\u001b[32m\"text\"\u001b[39m\n                      \u001b[33mvalue\u001b[39m=\u001b[32m\"SEA\"\u001b[39m\n                    \u001b[36m/>\u001b[39m\n                    \u001b[36m<p\u001b[39m\n                      \u001b[33mclass\u001b[39m=\u001b[32m\"mt-1 text-xs text-zinc-500\"\u001b[39m\n                    \u001b[36m>\u001b[39m\n                      \u001b[0mSearch by airport code, city, or airport name. Popular U.S. airports appear when the field is empty.\u001b[0m\n                    \u001b[36m</p>\u001b[39m\n                  \u001b[36m</div>\u001b[39m\n                  \u001b[36m<div\u001b[39m\n                    \u001b[33mclass\u001b[39m=\u001b[32m\"ppg-callout-panel mt-3 rounded-2xl px-3 py-3 text-xs leading-5\"\u001b[39m\n                  \u001b[36m>\u001b[39m\n                    \u001b[36m<div\u001b[39m\n                      \u001b[33mclass\u001b[39m=\u001b[32m\"font-medium text-foreground\"\u001b[39m\n                    \u001b[36m>\u001b[39m\n                      \u001b[0mSEA\u001b[0m\n                      \u001b[0m guidance\u001b[0m\n                    \u001b[36m</div>\u001b[39m\n                    \u001b[36m<div\u001b[39m\n                      \u001b[33mclass\u001b[39m=\u001b[32m\"mt-1\"\u001b[39m\n                    \u001b[36m>\u001b[39m\n                      \u001b[0mUse airline-specific check-in guidance when available. Otherwise, use the main terminal check-in area.\u001b[0m\n                    \u001b[36m</div>\u001b[39m\n                  \u001b[36m</div>\u001b[39m\n                  \u001b[36m<div\u001b[39m\n                    \u001b[33mclass\u001b[39m=\u001b[32m\"mt-4\"\u001b[39m\n                  \u001b[36m>\u001b[39m\n                    \u001b[36m<div\u001b[39m\n                      \u001b[33mclass\u001b[39m=\u001b[32m\"\"\u001b[39m\n                    \u001b[36m>\u001b[39m\n                      \u001b[36m<label\u001b[39m\n                        \u001b[33mclass\u001b[39m=\u001b[32m\"block text-sm font-medium text-zinc-800\"\u001b[39m\n                      \u001b[36m>\u001b[39m\n                        \u001b[0mAirline or flight number (optional)\u001b[0m\n                        \u001b[36m<div\u001b[39m\n                          \u001b[33mclass\u001b[39m=\u001b[32m\"relative mt-2\"\u001b[39m\n                        \u001b[36m>\u001b[39m\n                          \u001b[36m<input\u001b[39m\n                            \u001b[33maria-autocomplete\u001b[39m=\u001b[32m\"list\"\u001b[39m\n                            \u001b[33maria-controls\u001b[39m=\u001b[32m\"_r_2_\"\u001b[39m\n                            \u001b[33maria-expanded\u001b[39m=\u001b[32m\"false\"\u001b[39m\n                            \u001b[33mclass\u001b[39m=\u001b[32m\"w-full rounded-2xl border border-zinc-200 bg-white px-4 py-3 text-base shadow-sm outline-none transition focus:border-blue-500 focus:ring-4 focus:ring-blue-100\"\u001b[39m\n                            \u001b[33mplaceholder\u001b[39m=\u001b[32m\"Alaska, Delta, AS 123\"\u001b[39m\n                            \u001b[33mrole\u001b[39m=...\n    at Object.getElementError (/home/pathocha000/personal/PodPaiGo/PodPaiGo/node_modules/@testing-library/dom/dist/config.js:37:19)\n    at getAllByLabelText (/home/pathocha000/personal/PodPaiGo/PodPaiGo/node_modules/@testing-library/dom/dist/queries/label-text.js:108:40)\n    at /home/pathocha000/personal/PodPaiGo/PodPaiGo/node_modules/@testing-library/dom/dist/query-helpers.js:52:17\n    at /home/pathocha000/personal/PodPaiGo/PodPaiGo/node_modules/@testing-library/dom/dist/query-helpers.js:95:19\n    at fillAirportTripBasics (/home/pathocha000/personal/PodPaiGo/PodPaiGo/app/trip/__tests__/TripFlowAirportDate.test.tsx:62:27)\n    at Object.<anonymous> (/home/pathocha000/personal/PodPaiGo/PodPaiGo/app/trip/__tests__/TripFlowAirportDate.test.tsx:122:11)\n    at processTicksAndRejections (node:internal/process/task_queues:95:5)"],"fullName":"TripFlow airport parking date UX accepts manually typed MM/DD/YYYY parking check-in date","invocations":1,"location":null,"numPassingAsserts":0,"retryReasons":[],"startAt":1780719262566,"status":"failed","title":"accepts manually typed MM/DD/YYYY parking check-in date"},{"ancestorTitles":["TripFlow airport parking date UX"],"duration":6,"failing":false,"failureDetails":[],"failureMessages":[],"fullName":"TripFlow airport parking date UX parses legacy flightDate search params","invocations":1,"location":null,"numPassingAsserts":3,"retryReasons":[],"startAt":1780719262721,"status":"passed","title":"parses legacy flightDate search params"}],"endTime":1780719262765,"message":"  ● TripFlow airport parking date UX › hides the separate flight/airport date field for airport trips\n\n    expect(element).not.toBeInTheDocument()\n\n    expected document not to contain element, found <label class=\"block text-sm font-medium text-foreground\">Flight / airport date</label> instead\n\n       95 |     await openAirportTripForm();\n       96 |\n    >  97 |     expect(screen.queryByText('Flight / airport date')).not.toBeInTheDocument();\n          |                                                             ^\n       98 |     expect(screen.getByText('Flight departure')).toBeInTheDocument();\n       99 |     expect(screen.getByLabelText('Parking check-in date')).toBeInTheDocument();\n      100 |     expect(screen.getByLabelText('Departure time')).toBeInTheDocument();\n\n      at Object.<anonymous> (app/trip/__tests__/TripFlowAirportDate.test.tsx:97:61)\n\n  ● TripFlow airport parking date UX › submits parking check-in date as departureDate and flightDate\n\n    TestingLibraryElementError: Found a label with the text of: Departure time, however no form control was found associated to that label. Make sure you're using the \"for\" attribute or \"aria-labelledby\" attribute correctly.\n\n    Ignored nodes: comments, script, style\n    \u001b[36m<body>\u001b[39m\n      \u001b[36m<div>\u001b[39m\n        \u001b[36m<div\u001b[39m\n          \u001b[33mclass\u001b[39m=\u001b[32m\"airport-page-bg flex flex-1 flex-col font-sans\"\u001b[39m\n        \u001b[36m>\u001b[39m\n          \u001b[36m<main\u001b[39m\n            \u001b[33mclass\u001b[39m=\u001b[32m\"mx-auto w-full max-w-3xl flex-1 px-3 py-8 sm:px-4 sm:py-10\"\u001b[39m\n          \u001b[36m>\u001b[39m\n            \u001b[36m<div\u001b[39m\n              \u001b[33mclass\u001b[39m=\u001b[32m\"mb-8\"\u001b[39m\n            \u001b[36m>\u001b[39m\n              \u001b[36m<div\u001b[39m\n                \u001b[33mclass\u001b[39m=\u001b[32m\"mb-3 inline-flex rounded-full border border-primary/25 bg-card/90 px-3 py-1 text-xs font-semibold uppercase text-primary shadow-sm\"\u001b[39m\n              \u001b[36m>\u001b[39m\n                \u001b[0mTrip decision helper\u001b[0m\n              \u001b[36m</div>\u001b[39m\n              \u001b[36m<h1\u001b[39m\n                \u001b[33mclass\u001b[39m=\u001b[32m\"text-3xl font-semibold text-foreground sm:text-4xl\"\u001b[39m\n              \u001b[36m>\u001b[39m\n                \u001b[0mCompare the best way to get there\u001b[0m\n              \u001b[36m</h1>\u001b[39m\n              \u001b[36m<p\u001b[39m\n                \u001b[33mclass\u001b[39m=\u001b[32m\"mt-3 max-w-2xl text-sm leading-6 text-muted-foreground sm:text-base\"\u001b[39m\n              \u001b[36m>\u001b[39m\n                \u001b[0mEnter where you’re starting and where you’re going. PodPaiGo compares driving, parking, rideshare, transit, and park & ride when available.\u001b[0m\n              \u001b[36m</p>\u001b[39m\n            \u001b[36m</div>\u001b[39m\n            \u001b[36m<div\u001b[39m\n              \u001b[33mclass\u001b[39m=\u001b[32m\"travel-card rounded-2xl p-4 border-dashed bg-card/80 mb-6\"\u001b[39m\n            \u001b[36m>\u001b[39m\n              \u001b[36m<h2\u001b[39m\n                \u001b[33mclass\u001b[39m=\u001b[32m\"text-base font-semibold text-foreground\"\u001b[39m\n              \u001b[36m>\u001b[39m\n                \u001b[0mSaved trips\u001b[0m\n              \u001b[36m</h2>\u001b[39m\n              \u001b[36m<p\u001b[39m\n                \u001b[33mclass\u001b[39m=\u001b[32m\"mt-2 text-sm leading-6 text-muted-foreground\"\u001b[39m\n              \u001b[36m>\u001b[39m\n                \u001b[0mNo saved trips yet. Use \u001b[0m\n                \u001b[36m<span\u001b[39m\n                  \u001b[33mclass\u001b[39m=\u001b[32m\"font-medium text-foreground\"\u001b[39m\n                \u001b[36m>\u001b[39m\n                  \u001b[0mSave trip\u001b[0m\n                \u001b[36m</span>\u001b[39m\n                \u001b[0m on the results page or \u001b[0m\n                \u001b[36m<span\u001b[39m\n                  \u001b[33mclass\u001b[39m=\u001b[32m\"font-medium text-foreground\"\u001b[39m\n                \u001b[36m>\u001b[39m\n                  \u001b[0mSave as favorite\u001b[0m\n                \u001b[36m</span>\u001b[39m\n                \u001b[0m \u001b[0m\n                \u001b[0mwhile planning to store a route on this device.\u001b[0m\n              \u001b[36m</p>\u001b[39m\n            \u001b[36m</div>\u001b[39m\n            \u001b[36m<form\u001b[39m\n              \u001b[33mclass\u001b[39m=\u001b[32m\"space-y-6\"\u001b[39m\n            \u001b[36m>\u001b[39m\n              \u001b[36m<div\u001b[39m\n                \u001b[33mclass\u001b[39m=\u001b[32m\"rounded-3xl border border-border bg-card/95 p-4 shadow-sm sm:p-6\"\u001b[39m\n              \u001b[36m>\u001b[39m\n                \u001b[36m<div\u001b[39m\n                  \u001b[33mclass\u001b[39m=\u001b[32m\"flex flex-col gap-3 sm:flex-row sm:items-start sm:justify-between\"\u001b[39m\n                \u001b[36m>\u001b[39m\n                  \u001b[36m<div>\u001b[39m\n                    \u001b[36m<div\u001b[39m\n                      \u001b[33mclass\u001b[39m=\u001b[32m\"ppg-form-eyebrow\"\u001b[39m\n                    \u001b[36m>\u001b[39m\n                      \u001b[0mTrip setup\u001b[0m\n                    \u001b[36m</div>\u001b[39m\n                    \u001b[36m<h2\u001b[39m\n                      \u001b[33mclass\u001b[39m=\u001b[32m\"mt-1 text-xl font-semibold text-foreground\"\u001b[39m\n                    \u001b[36m>\u001b[39m\n                      \u001b[0mFlying out\u001b[0m\n                    \u001b[36m</h2>\u001b[39m\n                    \u001b[36m<p\u001b[39m\n                      \u001b[33mclass\u001b[39m=\u001b[32m\"mt-1 text-sm text-muted-foreground\"\u001b[39m\n                    \u001b[36m>\u001b[39m\n                      \u001b[0mUse your scheduled airline departure time.\u001b[0m\n                    \u001b[36m</p>\u001b[39m\n                  \u001b[36m</div>\u001b[39m\n                \u001b[36m</div>\u001b[39m\n                \u001b[36m<div\u001b[39m\n                  \u001b[33mclass\u001b[39m=\u001b[32m\"mt-6 grid grid-cols-1 gap-5 md:grid-cols-2\"\u001b[39m\n                \u001b[36m>\u001b[39m\n                  \u001b[36m<div\u001b[39m\n                    \u001b[33mclass\u001b[39m=\u001b[32m\"md:col-span-2\"\u001b[39m\n                  \u001b[36m>\u001b[39m\n                    \u001b[36m<div\u001b[39m\n                      \u001b[33mclass\u001b[39m=\u001b[32m\"md:col-span-2\"\u001b[39m\n                    \u001b[36m>\u001b[39m\n                      \u001b[36m<div>\u001b[39m\n                        \u001b[36m<label\u001b[39m\n                          \u001b[33mclass\u001b[39m=\u001b[32m\"block text-sm font-medium text-zinc-800\"\u001b[39m\n                        \u001b[36m>\u001b[39m\n                          \u001b[0mAirport\u001b[0m\n                        \u001b[36m</label>\u001b[39m\n                        \u001b[36m<input\u001b[39m\n                          \u001b[33mautocomplete\u001b[39m=\u001b[32m\"off\"\u001b[39m\n                          \u001b[33mclass\u001b[39m=\u001b[32m\"mt-2 w-full rounded-2xl border border-slate-200 bg-white px-4 py-3 text-base shadow-sm outline-none transition focus:border-blue-500 focus:ring-4 focus:ring-blue-100\"\u001b[39m\n                          \u001b[33mplaceholder\u001b[39m=\u001b[32m\"Search by airport code, city, or airport name\"\u001b[39m\n                          \u001b[33mspellcheck\u001b[39m=\u001b[32m\"false\"\u001b[39m\n                          \u001b[33mtype\u001b[39m=\u001b[32m\"text\"\u001b[39m\n                          \u001b[33mvalue\u001b[39m=\u001b[32m\"SEA\"\u001b[39m\n                        \u001b[36m/>\u001b[39m\n                        \u001b[36m<p\u001b[39m\n                          \u001b[33mclass\u001b[39m=\u001b[32m\"mt-1 text-xs text-zinc-500\"\u001b[39m\n                        \u001b[36m>\u001b[39m\n                          \u001b[0mSearch by airport code, city, or airport name. Popular U.S. airports appear when the field is empty.\u001b[0m\n                        \u001b[36m</p>\u001b[39m\n                      \u001b[36m</div>\u001b[39m\n                      \u001b[36m<div\u001b[39m\n                        \u001b[33mclass\u001b[39m=\u001b[32m\"ppg-callout-panel mt-3 rounded-2xl px-3 py-3 text-xs leading-5\"\u001b[39m\n                      \u001b[36m>\u001b[39m\n                        \u001b[36m<div\u001b[39m\n                          \u001b[33mclass\u001b[39m=\u001b[32m\"font-medium text-foreground\"\u001b[39m\n                        \u001b[36m>\u001b[39m\n                          \u001b[0mSEA\u001b[0m\n                          \u001b[0m guidance\u001b[0m\n                        \u001b[36m</div>\u001b[39m\n                        \u001b[36m<div\u001b[39m\n                          \u001b[33mclass\u001b[39m=\u001b[32m\"mt-1\"\u001b[39m\n                        \u001b[36m>\u001b[39m\n                          \u001b[0mUse airline-specific check-in guidance when available. Otherwise, use the main terminal check-in area.\u001b[0m\n                        \u001b[36m</div>\u001b[39m\n                      \u001b[36m</div>\u001b[39m\n                      \u001b[36m<div\u001b[39m\n                        \u001b[33mclass\u001b[39m=\u001b[32m\"mt-4\"\u001b[39m\n                      \u001b[36m>\u001b[39m\n                        \u001b[36m<div\u001b[39m\n                          \u001b[33mclass\u001b[39m=\u001b[32m\"\"\u001b[39m\n                        \u001b[36m>\u001b[39m\n                          \u001b[36m<label\u001b[39m\n                            \u001b[33mclass\u001b[39m=\u001b[32m\"block text-sm font-medium text-zinc-800\"\u001b[39m\n                          \u001b[36m>\u001b[39m\n                            \u001b[0mAirline or flight number (optional)\u001b[0m\n                            \u001b[36m<div\u001b[39m\n                              \u001b[33mclass\u001b[39m=\u001b[32m\"relative mt-2\"\u001b[39m\n                            \u001b[36m>\u001b[39m\n                              \u001b[36m<input\u001b[39m\n                                \u001b[33maria-autocomplete\u001b[39m=\u001b[32m\"list\"\u001b[39m\n                                \u001b[33maria-controls\u001b[39m=\u001b[32m\"_r_1_\"\u001b[39m\n                                \u001b[33maria-expanded\u001b[39m=\u001b[32m\"false\"\u001b[39m\n                                \u001b[33mclass\u001b[39m=\u001b[32m\"w-full rounded-2xl border border-zinc-200 bg-white px-4 py-3 text-base shadow-sm outline-none transition focus:border-blue-500 focus:ring-4 focus:ring-blue-100\"\u001b[39m\n                                \u001b[33mplaceholder\u001b[39m=\u001b[32m\"Alaska, Delta, AS 123\"\u001b[39m\n                                \u001b[33mrole\u001b[39m=...\n\n      60 |     target: { value: '2026-11-13' },\n      61 |   });\n    > 62 |   fireEvent.change(screen.getByLabelText('Departure time'), {\n         |                           ^\n      63 |     target: { value: '09:00' },\n      64 |   });\n      65 | }\n\n      at Object.getElementError (node_modules/@testing-library/dom/dist/config.js:37:19)\n      at getAllByLabelText (node_modules/@testing-library/dom/dist/queries/label-text.js:108:40)\n      at node_modules/@testing-library/dom/dist/query-helpers.js:52:17\n      at node_modules/@testing-library/dom/dist/query-helpers.js:95:19\n      at fillAirportTripBasics (app/trip/__tests__/TripFlowAirportDate.test.tsx:62:27)\n      at Object.<anonymous> (app/trip/__tests__/TripFlowAirportDate.test.tsx:105:11)\n\n  ● TripFlow airport parking date UX › accepts manually typed MM/DD/YYYY parking check-in date\n\n    TestingLibraryElementError: Found a label with the text of: Departure time, however no form control was found associated to that label. Make sure you're using the \"for\" attribute or \"aria-labelledby\" attribute correctly.\n\n    Ignored nodes: comments, script, style\n    \u001b[36m<body>\u001b[39m\n      \u001b[36m<div>\u001b[39m\n        \u001b[36m<div\u001b[39m\n          \u001b[33mclass\u001b[39m=\u001b[32m\"airport-page-bg flex flex-1 flex-col font-sans\"\u001b[39m\n        \u001b[36m>\u001b[39m\n          \u001b[36m<main\u001b[39m\n            \u001b[33mclass\u001b[39m=\u001b[32m\"mx-auto w-full max-w-3xl flex-1 px-3 py-8 sm:px-4 sm:py-10\"\u001b[39m\n          \u001b[36m>\u001b[39m\n            \u001b[36m<div\u001b[39m\n              \u001b[33mclass\u001b[39m=\u001b[32m\"mb-8\"\u001b[39m\n            \u001b[36m>\u001b[39m\n              \u001b[36m<div\u001b[39m\n                \u001b[33mclass\u001b[39m=\u001b[32m\"mb-3 inline-flex rounded-full border border-primary/25 bg-card/90 px-3 py-1 text-xs font-semibold uppercase text-primary shadow-sm\"\u001b[39m\n              \u001b[36m>\u001b[39m\n                \u001b[0mTrip decision helper\u001b[0m\n              \u001b[36m</div>\u001b[39m\n              \u001b[36m<h1\u001b[39m\n                \u001b[33mclass\u001b[39m=\u001b[32m\"text-3xl font-semibold text-foreground sm:text-4xl\"\u001b[39m\n              \u001b[36m>\u001b[39m\n                \u001b[0mCompare the best way to get there\u001b[0m\n              \u001b[36m</h1>\u001b[39m\n              \u001b[36m<p\u001b[39m\n                \u001b[33mclass\u001b[39m=\u001b[32m\"mt-3 max-w-2xl text-sm leading-6 text-muted-foreground sm:text-base\"\u001b[39m\n              \u001b[36m>\u001b[39m\n                \u001b[0mEnter where you’re starting and where you’re going. PodPaiGo compares driving, parking, rideshare, transit, and park & ride when available.\u001b[0m\n              \u001b[36m</p>\u001b[39m\n            \u001b[36m</div>\u001b[39m\n            \u001b[36m<div\u001b[39m\n              \u001b[33mclass\u001b[39m=\u001b[32m\"travel-card rounded-2xl p-4 border-dashed bg-card/80 mb-6\"\u001b[39m\n            \u001b[36m>\u001b[39m\n              \u001b[36m<h2\u001b[39m\n                \u001b[33mclass\u001b[39m=\u001b[32m\"text-base font-semibold text-foreground\"\u001b[39m\n              \u001b[36m>\u001b[39m\n                \u001b[0mSaved trips\u001b[0m\n              \u001b[36m</h2>\u001b[39m\n              \u001b[36m<p\u001b[39m\n                \u001b[33mclass\u001b[39m=\u001b[32m\"mt-2 text-sm leading-6 text-muted-foreground\"\u001b[39m\n              \u001b[36m>\u001b[39m\n                \u001b[0mNo saved trips yet. Use \u001b[0m\n                \u001b[36m<span\u001b[39m\n                  \u001b[33mclass\u001b[39m=\u001b[32m\"font-medium text-foreground\"\u001b[39m\n                \u001b[36m>\u001b[39m\n                  \u001b[0mSave trip\u001b[0m\n                \u001b[36m</span>\u001b[39m\n                \u001b[0m on the results page or \u001b[0m\n                \u001b[36m<span\u001b[39m\n                  \u001b[33mclass\u001b[39m=\u001b[32m\"font-medium text-foreground\"\u001b[39m\n                \u001b[36m>\u001b[39m\n                  \u001b[0mSave as favorite\u001b[0m\n                \u001b[36m</span>\u001b[39m\n                \u001b[0m \u001b[0m\n                \u001b[0mwhile planning to store a route on this device.\u001b[0m\n              \u001b[36m</p>\u001b[39m\n            \u001b[36m</div>\u001b[39m\n            \u001b[36m<form\u001b[39m\n              \u001b[33mclass\u001b[39m=\u001b[32m\"space-y-6\"\u001b[39m\n            \u001b[36m>\u001b[39m\n              \u001b[36m<div\u001b[39m\n                \u001b[33mclass\u001b[39m=\u001b[32m\"rounded-3xl border border-border bg-card/95 p-4 shadow-sm sm:p-6\"\u001b[39m\n              \u001b[36m>\u001b[39m\n                \u001b[36m<div\u001b[39m\n                  \u001b[33mclass\u001b[39m=\u001b[32m\"flex flex-col gap-3 sm:flex-row sm:items-start sm:justify-between\"\u001b[39m\n                \u001b[36m>\u001b[39m\n                  \u001b[36m<div>\u001b[39m\n                    \u001b[36m<div\u001b[39m\n                      \u001b[33mclass\u001b[39m=\u001b[32m\"ppg-form-eyebrow\"\u001b[39m\n                    \u001b[36m>\u001b[39m\n                      \u001b[0mTrip setup\u001b[0m\n                    \u001b[36m</div>\u001b[39m\n                    \u001b[36m<h2\u001b[39m\n                      \u001b[33mclass\u001b[39m=\u001b[32m\"mt-1 text-xl font-semibold text-foreground\"\u001b[39m\n                    \u001b[36m>\u001b[39m\n                      \u001b[0mFlying out\u001b[0m\n                    \u001b[36m</h2>\u001b[39m\n                    \u001b[36m<p\u001b[39m\n                      \u001b[33mclass\u001b[39m=\u001b[32m\"mt-1 text-sm text-muted-foreground\"\u001b[39m\n                    \u001b[36m>\u001b[39m\n                      \u001b[0mUse your scheduled airline departure time.\u001b[0m\n                    \u001b[36m</p>\u001b[39m\n                  \u001b[36m</div>\u001b[39m\n                \u001b[36m</div>\u001b[39m\n                \u001b[36m<div\u001b[39m\n                  \u001b[33mclass\u001b[39m=\u001b[32m\"mt-6 grid grid-cols-1 gap-5 md:grid-cols-2\"\u001b[39m\n                \u001b[36m>\u001b[39m\n                  \u001b[36m<div\u001b[39m\n                    \u001b[33mclass\u001b[39m=\u001b[32m\"md:col-span-2\"\u001b[39m\n                  \u001b[36m>\u001b[39m\n                    \u001b[36m<div\u001b[39m\n                      \u001b[33mclass\u001b[39m=\u001b[32m\"md:col-span-2\"\u001b[39m\n                    \u001b[36m>\u001b[39m\n                      \u001b[36m<div>\u001b[39m\n                        \u001b[36m<label\u001b[39m\n                          \u001b[33mclass\u001b[39m=\u001b[32m\"block text-sm font-medium text-zinc-800\"\u001b[39m\n                        \u001b[36m>\u001b[39m\n                          \u001b[0mAirport\u001b[0m\n                        \u001b[36m</label>\u001b[39m\n                        \u001b[36m<input\u001b[39m\n                          \u001b[33mautocomplete\u001b[39m=\u001b[32m\"off\"\u001b[39m\n                          \u001b[33mclass\u001b[39m=\u001b[32m\"mt-2 w-full rounded-2xl border border-slate-200 bg-white px-4 py-3 text-base shadow-sm outline-none transition focus:border-blue-500 focus:ring-4 focus:ring-blue-100\"\u001b[39m\n                          \u001b[33mplaceholder\u001b[39m=\u001b[32m\"Search by airport code, city, or airport name\"\u001b[39m\n                          \u001b[33mspellcheck\u001b[39m=\u001b[32m\"false\"\u001b[39m\n                          \u001b[33mtype\u001b[39m=\u001b[32m\"text\"\u001b[39m\n                          \u001b[33mvalue\u001b[39m=\u001b[32m\"SEA\"\u001b[39m\n                        \u001b[36m/>\u001b[39m\n                        \u001b[36m<p\u001b[39m\n                          \u001b[33mclass\u001b[39m=\u001b[32m\"mt-1 text-xs text-zinc-500\"\u001b[39m\n                        \u001b[36m>\u001b[39m\n                          \u001b[0mSearch by airport code, city, or airport name. Popular U.S. airports appear when the field is empty.\u001b[0m\n                        \u001b[36m</p>\u001b[39m\n                      \u001b[36m</div>\u001b[39m\n                      \u001b[36m<div\u001b[39m\n                        \u001b[33mclass\u001b[39m=\u001b[32m\"ppg-callout-panel mt-3 rounded-2xl px-3 py-3 text-xs leading-5\"\u001b[39m\n                      \u001b[36m>\u001b[39m\n                        \u001b[36m<div\u001b[39m\n                          \u001b[33mclass\u001b[39m=\u001b[32m\"font-medium text-foreground\"\u001b[39m\n                        \u001b[36m>\u001b[39m\n                          \u001b[0mSEA\u001b[0m\n                          \u001b[0m guidance\u001b[0m\n                        \u001b[36m</div>\u001b[39m\n                        \u001b[36m<div\u001b[39m\n                          \u001b[33mclass\u001b[39m=\u001b[32m\"mt-1\"\u001b[39m\n                        \u001b[36m>\u001b[39m\n                          \u001b[0mUse airline-specific check-in guidance when available. Otherwise, use the main terminal check-in area.\u001b[0m\n                        \u001b[36m</div>\u001b[39m\n                      \u001b[36m</div>\u001b[39m\n                      \u001b[36m<div\u001b[39m\n                        \u001b[33mclass\u001b[39m=\u001b[32m\"mt-4\"\u001b[39m\n                      \u001b[36m>\u001b[39m\n                        \u001b[36m<div\u001b[39m\n                          \u001b[33mclass\u001b[39m=\u001b[32m\"\"\u001b[39m\n                        \u001b[36m>\u001b[39m\n                          \u001b[36m<label\u001b[39m\n                            \u001b[33mclass\u001b[39m=\u001b[32m\"block text-sm font-medium text-zinc-800\"\u001b[39m\n                          \u001b[36m>\u001b[39m\n                            \u001b[0mAirline or flight number (optional)\u001b[0m\n                            \u001b[36m<div\u001b[39m\n                              \u001b[33mclass\u001b[39m=\u001b[32m\"relative mt-2\"\u001b[39m\n                            \u001b[36m>\u001b[39m\n                              \u001b[36m<input\u001b[39m\n                                \u001b[33maria-autocomplete\u001b[39m=\u001b[32m\"list\"\u001b[39m\n                                \u001b[33maria-controls\u001b[39m=\u001b[32m\"_r_2_\"\u001b[39m\n                                \u001b[33maria-expanded\u001b[39m=\u001b[32m\"false\"\u001b[39m\n                                \u001b[33mclass\u001b[39m=\u001b[32m\"w-full rounded-2xl border border-zinc-200 bg-white px-4 py-3 text-base shadow-sm outline-none transition focus:border-blue-500 focus:ring-4 focus:ring-blue-100\"\u001b[39m\n                                \u001b[33mplaceholder\u001b[39m=\u001b[32m\"Alaska, Delta, AS 123\"\u001b[39m\n                                \u001b[33mrole\u001b[39m=...\n\n      60 |     target: { value: '2026-11-13' },\n      61 |   });\n    > 62 |   fireEvent.change(screen.getByLabelText('Departure time'), {\n         |                           ^\n      63 |     target: { value: '09:00' },\n      64 |   });\n      65 | }\n\n      at Object.getElementError (node_modules/@testing-library/dom/dist/config.js:37:19)\n      at getAllByLabelText (node_modules/@testing-library/dom/dist/queries/label-text.js:108:40)\n      at node_modules/@testing-library/dom/dist/query-helpers.js:52:17\n      at node_modules/@testing-library/dom/dist/query-helpers.js:95:19\n      at fillAirportTripBasics (app/trip/__tests__/TripFlowAirportDate.test.tsx:62:27)\n      at Object.<anonymous> (app/trip/__tests__/TripFlowAirportDate.test.tsx:122:11)\n","name":"/home/pathocha000/personal/PodPaiGo/PodPaiGo/app/trip/__tests__/TripFlowAirportDate.test.tsx","startTime":1780719259844,"status":"failed","summary":""}],"wasInterrupted":false}
